<?xml version="1.0" encoding="UTF-8"?>
<testsuite xmlns:xsi="http://www.w3.org/2001/XMLSchema-instance" xsi:noNamespaceSchemaLocation="https://maven.apache.org/surefire/maven-surefire-plugin/xsd/surefire-test-report.xsd" name="lab07.AppTest" time="0.047" tests="1" errors="0" skipped="0" failures="0">
  <properties>
    <property name="sun.desktop" value="windows"/>
    <property name="awt.toolkit" value="sun.awt.windows.WToolkit"/>
    <property name="file.encoding.pkg" value="sun.io"/>
    <property name="java.specification.version" value="1.8"/>
    <property name="sun.cpu.isalist" value="amd64"/>
    <property name="sun.jnu.encoding" value="Cp1251"/>
    <property name="java.class.path" value="C:\lab07\target\test-classes;C:\lab07\target\classes;C:\Users\Лера\.m2\repository\junit\junit\4.11\junit-4.11.jar;C:\Users\Лера\.m2\repository\org\hamcrest\hamcrest-core\1.3\hamcrest-core-1.3.jar;C:\Users\Лера\.m2\repository\org\springframework\spring-jdbc\4.3.26.RELEASE\spring-jdbc-4.3.26.RELEASE.jar;C:\Users\Лера\.m2\repository\org\springframework\spring-beans\4.3.26.RELEASE\spring-beans-4.3.26.RELEASE.jar;C:\Users\Лера\.m2\repository\org\springframework\spring-core\4.3.26.RELEASE\spring-core-4.3.26.RELEASE.jar;C:\Users\Лера\.m2\repository\commons-logging\commons-logging\1.2\commons-logging-1.2.jar;C:\Users\Лера\.m2\repository\org\springframework\spring-tx\4.3.26.RELEASE\spring-tx-4.3.26.RELEASE.jar;C:\Users\Лера\.m2\repository\org\springframework\spring-webmvc\4.3.26.RELEASE\spring-webmvc-4.3.26.RELEASE.jar;C:\Users\Лера\.m2\repository\org\springframework\spring-aop\4.3.26.RELEASE\spring-aop-4.3.26.RELEASE.jar;C:\Users\Лера\.m2\repository\org\springframework\spring-context\4.3.26.RELEASE\spring-context-4.3.26.RELEASE.jar;C:\Users\Лера\.m2\repository\org\springframework\spring-expression\4.3.26.RELEASE\spring-expression-4.3.26.RELEASE.jar;C:\Users\Лера\.m2\repository\org\springframework\spring-web\4.3.26.RELEASE\spring-web-4.3.26.RELEASE.jar;C:\Users\Лера\.m2\repository\mysql\mysql-connector-java\8.0.11\mysql-connector-java-8.0.11.jar;C:\Users\Лера\.m2\repository\com\google\protobuf\protobuf-java\2.6.0\protobuf-java-2.6.0.jar;C:\Users\Лера\.m2\repository\javax\servlet\servlet-api\3.0-alpha-1\servlet-api-3.0-alpha-1.jar;C:\Users\Лера\.m2\repository\javax\servlet\jstl\1.2\jstl-1.2.jar;C:\Users\Лера\.m2\repository\org\slf4j\slf4j-api\1.7.25\slf4j-api-1.7.25.jar;C:\Users\Лера\.m2\repository\org\slf4j\slf4j-log4j12\1.7.25\slf4j-log4j12-1.7.25.jar;C:\Users\Лера\.m2\repository\log4j\log4j\1.2.17\log4j-1.2.17.jar;"/>
    <property name="java.vm.vendor" value="Oracle Corporation"/>
    <property name="sun.arch.data.model" value="64"/>
    <property name="user.variant" value=""/>
    <property name="java.vendor.url" value="http://java.oracle.com/"/>
    <property name="user.timezone" value="Europe/Moscow"/>
    <property name="java.vm.specification.version" value="1.8"/>
    <property name="os.name" value="Windows 10"/>
    <property name="user.country" value="RU"/>
    <property name="sun.java.launcher" value="SUN_STANDARD"/>
    <property name="sun.boot.library.path" value="C:\Program Files\Java\jdk1.8.0_201\jre\bin"/>
    <property name="sun.java.command" value="C:\Users\D9AB~1\AppData\Local\Temp\surefire954842102976433523\surefirebooter8493827251849653571.jar C:\Users\Лера\AppData\Local\Temp\surefire954842102976433523 2020-02-27T22-06-36_637-jvmRun1 surefire7366370700345920760tmp surefire_09126769273796934535tmp"/>
    <property name="surefire.test.class.path" value="C:\lab07\target\test-classes;C:\lab07\target\classes;C:\Users\Лера\.m2\repository\junit\junit\4.11\junit-4.11.jar;C:\Users\Лера\.m2\repository\org\hamcrest\hamcrest-core\1.3\hamcrest-core-1.3.jar;C:\Users\Лера\.m2\repository\org\springframework\spring-jdbc\4.3.26.RELEASE\spring-jdbc-4.3.26.RELEASE.jar;C:\Users\Лера\.m2\repository\org\springframework\spring-beans\4.3.26.RELEASE\spring-beans-4.3.26.RELEASE.jar;C:\Users\Лера\.m2\repository\org\springframework\spring-core\4.3.26.RELEASE\spring-core-4.3.26.RELEASE.jar;C:\Users\Лера\.m2\repository\commons-logging\commons-logging\1.2\commons-logging-1.2.jar;C:\Users\Лера\.m2\repository\org\springframework\spring-tx\4.3.26.RELEASE\spring-tx-4.3.26.RELEASE.jar;C:\Users\Лера\.m2\repository\org\springframework\spring-webmvc\4.3.26.RELEASE\spring-webmvc-4.3.26.RELEASE.jar;C:\Users\Лера\.m2\repository\org\springframework\spring-aop\4.3.26.RELEASE\spring-aop-4.3.26.RELEASE.jar;C:\Users\Лера\.m2\repository\org\springframework\spring-context\4.3.26.RELEASE\spring-context-4.3.26.RELEASE.jar;C:\Users\Лера\.m2\repository\org\springframework\spring-expression\4.3.26.RELEASE\spring-expression-4.3.26.RELEASE.jar;C:\Users\Лера\.m2\repository\org\springframework\spring-web\4.3.26.RELEASE\spring-web-4.3.26.RELEASE.jar;C:\Users\Лера\.m2\repository\mysql\mysql-connector-java\8.0.11\mysql-connector-java-8.0.11.jar;C:\Users\Лера\.m2\repository\com\google\protobuf\protobuf-java\2.6.0\protobuf-java-2.6.0.jar;C:\Users\Лера\.m2\repository\javax\servlet\servlet-api\3.0-alpha-1\servlet-api-3.0-alpha-1.jar;C:\Users\Лера\.m2\repository\javax\servlet\jstl\1.2\jstl-1.2.jar;C:\Users\Лера\.m2\repository\org\slf4j\slf4j-api\1.7.25\slf4j-api-1.7.25.jar;C:\Users\Лера\.m2\repository\org\slf4j\slf4j-log4j12\1.7.25\slf4j-log4j12-1.7.25.jar;C:\Users\Лера\.m2\repository\log4j\log4j\1.2.17\log4j-1.2.17.jar;"/>
    <property name="sun.cpu.endian" value="little"/>
    <property name="user.home" value="C:\Users\Лера"/>
    <property name="user.language" value="ru"/>
    <property name="java.specification.vendor" value="Oracle Corporation"/>
    <property name="java.home" value="C:\Program Files\Java\jdk1.8.0_201\jre"/>
    <property name="basedir" value="C:\lab07"/>
    <property name="file.separator" value="\"/>
    <property name="line.separator" value="&#10;"/>
    <property name="java.vm.specification.vendor" value="Oracle Corporation"/>
    <property name="java.specification.name" value="Java Platform API Specification"/>
    <property name="java.awt.graphicsenv" value="sun.awt.Win32GraphicsEnvironment"/>
    <property name="surefire.real.class.path" value="C:\Users\D9AB~1\AppData\Local\Temp\surefire954842102976433523\surefirebooter8493827251849653571.jar"/>
    <property name="sun.boot.class.path" value="C:\Program Files\Java\jdk1.8.0_201\jre\lib\resources.jar;C:\Program Files\Java\jdk1.8.0_201\jre\lib\rt.jar;C:\Program Files\Java\jdk1.8.0_201\jre\lib\sunrsasign.jar;C:\Program Files\Java\jdk1.8.0_201\jre\lib\jsse.jar;C:\Program Files\Java\jdk1.8.0_201\jre\lib\jce.jar;C:\Program Files\Java\jdk1.8.0_201\jre\lib\charsets.jar;C:\Program Files\Java\jdk1.8.0_201\jre\lib\jfr.jar;C:\Program Files\Java\jdk1.8.0_201\jre\classes"/>
    <property name="user.script" value=""/>
    <property name="sun.management.compiler" value="HotSpot 64-Bit Tiered Compilers"/>
    <property name="java.runtime.version" value="1.8.0_201-b09"/>
    <property name="user.name" value="Лера"/>
    <property name="path.separator" value=";"/>
    <property name="os.version" value="10.0"/>
    <property name="java.endorsed.dirs" value="C:\Program Files\Java\jdk1.8.0_201\jre\lib\endorsed"/>
    <property name="java.runtime.name" value="Java(TM) SE Runtime Environment"/>
    <property name="file.encoding" value="Cp1251"/>
    <property name="java.vm.name" value="Java HotSpot(TM) 64-Bit Server VM"/>
    <property name="localRepository" value="C:\Users\Лера\.m2\repository"/>
    <property name="java.vendor.url.bug" value="http://bugreport.sun.com/bugreport/"/>
    <property name="java.io.tmpdir" value="C:\Users\D9AB~1\AppData\Local\Temp\"/>
    <property name="java.version" value="1.8.0_201"/>
    <property name="user.dir" value="C:\lab07"/>
    <property name="os.arch" value="amd64"/>
    <property name="java.vm.specification.name" value="Java Virtual Machine Specification"/>
    <property name="java.awt.printerjob" value="sun.awt.windows.WPrinterJob"/>
    <property name="sun.os.patch.level" value=""/>
    <property name="java.library.path" value="C:\Program Files\Java\jdk1.8.0_201\jre\bin;C:\Windows\Sun\Java\bin;C:\Windows\system32;C:\Windows;C:\Program Files\Microsoft MPI\Bin\;C:\labJava\apps\maven\\bin;C:\Program Files\Git\cmd;C:\Program Files (x86)\Microsoft SQL Server\140\Tools\Binn\;C:\Program Files\Microsoft SQL Server\140\Tools\Binn\;C:\Program Files (x86)\Microsoft SQL Server\140\DTS\Binn\;C:\Program Files\Microsoft SQL Server\140\DTS\Binn\;C:\Program Files\Microsoft SQL Server\Client SDK\ODBC\130\Tools\Binn\;C:\Program Files\Microsoft SQL Server\Client SDK\ODBC\110\Tools\Binn\;C:\Program Files (x86)\Microsoft SQL Server\120\Tools\Binn\;C:\Program Files\Microsoft SQL Server\120\Tools\Binn\;C:\Program Files\Microsoft SQL Server\120\DTS\Binn\;C:\Program Files (x86)\Microsoft SQL Server\120\Tools\Binn\ManagementStudio\;C:\Program Files (x86)\Microsoft SQL Server\120\DTS\Binn\;C:\Users\Лера\AppData\Local\Programs\Python\Python37-32\Scripts\;C:\Users\Лера\AppData\Local\Programs\Python\Python37-32\;C:\Users\Лера\AppData\Local\Microsoft\WindowsApps;."/>
    <property name="java.vm.info" value="mixed mode"/>
    <property name="java.vendor" value="Oracle Corporation"/>
    <property name="java.vm.version" value="25.201-b09"/>
    <property name="java.ext.dirs" value="C:\Program Files\Java\jdk1.8.0_201\jre\lib\ext;C:\Windows\Sun\Java\lib\ext"/>
    <property name="sun.io.unicode.encoding" value="UnicodeLittle"/>
    <property name="java.class.version" value="52.0"/>
  </properties>
  <testcase name="shouldAnswerWithTrue" classname="lab07.AppTest" time="0"/>
</testsuite>